{"C:\\Users\\28444\\Desktop\\code\\exam\\server.js": {"path":"C:\\Users\\28444\\Desktop\\code\\exam\\server.js","statementMap":{"0":{"start":{"line":1,"column":16},"end":{"line":1,"column":34}},"1":{"start":{"line":2,"column":13},"end":{"line":2,"column":28}},"2":{"start":{"line":3,"column":11},"end":{"line":3,"column":24}},"3":{"start":{"line":4,"column":13},"end":{"line":4,"column":28}},"4":{"start":{"line":5,"column":12},"end":{"line":5,"column":35}},"5":{"start":{"line":7,"column":12},"end":{"line":7,"column":21}},"6":{"start":{"line":8,"column":13},"end":{"line":8,"column":37}},"7":{"start":{"line":11,"column":0},"end":{"line":11,"column":16}},"8":{"start":{"line":12,"column":0},"end":{"line":12,"column":24}},"9":{"start":{"line":13,"column":0},"end":{"line":13,"column":35}},"10":{"start":{"line":16,"column":23},"end":{"line":16,"column":61}},"11":{"start":{"line":19,"column":20},"end":{"line":19,"column":55}},"12":{"start":{"line":20,"column":20},"end":{"line":20,"column":62}},"13":{"start":{"line":23,"column":23},"end":{"line":23,"column":63}},"14":{"start":{"line":24,"column":19},"end":{"line":24,"column":69}},"15":{"start":{"line":27,"column":15},"end":{"line":27,"column":20}},"16":{"start":{"line":30,"column":0},"end":{"line":32,"column":1}},"17":{"start":{"line":31,"column":4},"end":{"line":31,"column":40}},"18":{"start":{"line":36,"column":23},"end":{"line":36,"column":51}},"19":{"start":{"line":37,"column":18},"end":{"line":37,"column":56}},"20":{"start":{"line":39,"column":4},"end":{"line":41,"column":5}},"21":{"start":{"line":40,"column":8},"end":{"line":40,"column":61}},"22":{"start":{"line":43,"column":4},"end":{"line":49,"column":7}},"23":{"start":{"line":44,"column":8},"end":{"line":46,"column":9}},"24":{"start":{"line":45,"column":12},"end":{"line":45,"column":63}},"25":{"start":{"line":47,"column":8},"end":{"line":47,"column":24}},"26":{"start":{"line":48,"column":8},"end":{"line":48,"column":15}},"27":{"start":{"line":53,"column":0},"end":{"line":79,"column":3}},"28":{"start":{"line":54,"column":25},"end":{"line":54,"column":33}},"29":{"start":{"line":56,"column":4},"end":{"line":58,"column":5}},"30":{"start":{"line":57,"column":8},"end":{"line":57,"column":57}},"31":{"start":{"line":60,"column":4},"end":{"line":62,"column":5}},"32":{"start":{"line":61,"column":8},"end":{"line":61,"column":55}},"33":{"start":{"line":65,"column":18},"end":{"line":72,"column":5}},"34":{"start":{"line":74,"column":4},"end":{"line":78,"column":7}},"35":{"start":{"line":83,"column":4},"end":{"line":96,"column":5}},"36":{"start":{"line":84,"column":8},"end":{"line":86,"column":9}},"37":{"start":{"line":85,"column":12},"end":{"line":85,"column":68}},"38":{"start":{"line":87,"column":8},"end":{"line":87,"column":18}},"39":{"start":{"line":89,"column":8},"end":{"line":89,"column":40}},"40":{"start":{"line":91,"column":8},"end":{"line":94,"column":9}},"41":{"start":{"line":92,"column":12},"end":{"line":92,"column":40}},"42":{"start":{"line":93,"column":12},"end":{"line":93,"column":68}},"43":{"start":{"line":95,"column":8},"end":{"line":95,"column":18}},"44":{"start":{"line":101,"column":4},"end":{"line":122,"column":7}},"45":{"start":{"line":102,"column":8},"end":{"line":104,"column":9}},"46":{"start":{"line":103,"column":12},"end":{"line":103,"column":54}},"47":{"start":{"line":106,"column":8},"end":{"line":106,"column":24}},"48":{"start":{"line":107,"column":8},"end":{"line":121,"column":9}},"49":{"start":{"line":109,"column":12},"end":{"line":111,"column":13}},"50":{"start":{"line":110,"column":16},"end":{"line":110,"column":58}},"51":{"start":{"line":114,"column":12},"end":{"line":114,"column":73}},"52":{"start":{"line":115,"column":12},"end":{"line":115,"column":29}},"53":{"start":{"line":116,"column":12},"end":{"line":116,"column":22}},"54":{"start":{"line":118,"column":12},"end":{"line":118,"column":29}},"55":{"start":{"line":119,"column":12},"end":{"line":119,"column":44}},"56":{"start":{"line":120,"column":12},"end":{"line":120,"column":26}},"57":{"start":{"line":126,"column":0},"end":{"line":138,"column":3}},"58":{"start":{"line":127,"column":4},"end":{"line":137,"column":5}},"59":{"start":{"line":128,"column":8},"end":{"line":130,"column":9}},"60":{"start":{"line":129,"column":12},"end":{"line":129,"column":62}},"61":{"start":{"line":132,"column":26},"end":{"line":132,"column":77}},"62":{"start":{"line":133,"column":8},"end":{"line":133,"column":28}},"63":{"start":{"line":135,"column":8},"end":{"line":135,"column":40}},"64":{"start":{"line":136,"column":8},"end":{"line":136,"column":49}},"65":{"start":{"line":142,"column":19},"end":{"line":142,"column":21}},"66":{"start":{"line":144,"column":4},"end":{"line":146,"column":5}},"67":{"start":{"line":145,"column":8},"end":{"line":145,"column":30}},"68":{"start":{"line":148,"column":4},"end":{"line":150,"column":5}},"69":{"start":{"line":149,"column":8},"end":{"line":149,"column":30}},"70":{"start":{"line":152,"column":4},"end":{"line":154,"column":5}},"71":{"start":{"line":153,"column":8},"end":{"line":153,"column":30}},"72":{"start":{"line":157,"column":4},"end":{"line":159,"column":5}},"73":{"start":{"line":158,"column":8},"end":{"line":158,"column":35}},"74":{"start":{"line":162,"column":4},"end":{"line":164,"column":5}},"75":{"start":{"line":163,"column":8},"end":{"line":163,"column":36}},"76":{"start":{"line":167,"column":4},"end":{"line":169,"column":5}},"77":{"start":{"line":168,"column":8},"end":{"line":168,"column":33}},"78":{"start":{"line":171,"column":4},"end":{"line":173,"column":5}},"79":{"start":{"line":172,"column":8},"end":{"line":172,"column":33}},"80":{"start":{"line":175,"column":4},"end":{"line":177,"column":5}},"81":{"start":{"line":176,"column":8},"end":{"line":176,"column":33}},"82":{"start":{"line":179,"column":4},"end":{"line":179,"column":18}},"83":{"start":{"line":183,"column":0},"end":{"line":242,"column":3}},"84":{"start":{"line":184,"column":4},"end":{"line":241,"column":5}},"85":{"start":{"line":185,"column":25},"end":{"line":185,"column":33}},"86":{"start":{"line":188,"column":8},"end":{"line":188,"column":65}},"87":{"start":{"line":191,"column":33},"end":{"line":191,"column":62}},"88":{"start":{"line":192,"column":8},"end":{"line":194,"column":9}},"89":{"start":{"line":193,"column":12},"end":{"line":193,"column":80}},"90":{"start":{"line":197,"column":23},"end":{"line":197,"column":37}},"91":{"start":{"line":200,"column":30},"end":{"line":200,"column":95}},"92":{"start":{"line":200,"column":52},"end":{"line":200,"column":94}},"93":{"start":{"line":203,"column":8},"end":{"line":227,"column":9}},"94":{"start":{"line":204,"column":34},"end":{"line":204,"column":55}},"95":{"start":{"line":205,"column":12},"end":{"line":207,"column":13}},"96":{"start":{"line":206,"column":16},"end":{"line":206,"column":46}},"97":{"start":{"line":209,"column":12},"end":{"line":211,"column":13}},"98":{"start":{"line":210,"column":16},"end":{"line":210,"column":75}},"99":{"start":{"line":214,"column":12},"end":{"line":219,"column":14}},"100":{"start":{"line":222,"column":12},"end":{"line":226,"column":15}},"101":{"start":{"line":230,"column":8},"end":{"line":230,"column":36}},"102":{"start":{"line":232,"column":8},"end":{"line":237,"column":11}},"103":{"start":{"line":239,"column":8},"end":{"line":239,"column":40}},"104":{"start":{"line":240,"column":8},"end":{"line":240,"column":55}},"105":{"start":{"line":245,"column":0},"end":{"line":253,"column":3}},"106":{"start":{"line":246,"column":4},"end":{"line":252,"column":5}},"107":{"start":{"line":247,"column":23},"end":{"line":247,"column":37}},"108":{"start":{"line":248,"column":8},"end":{"line":248,"column":25}},"109":{"start":{"line":250,"column":8},"end":{"line":250,"column":40}},"110":{"start":{"line":251,"column":8},"end":{"line":251,"column":49}},"111":{"start":{"line":256,"column":0},"end":{"line":278,"column":3}},"112":{"start":{"line":257,"column":4},"end":{"line":277,"column":5}},"113":{"start":{"line":258,"column":34},"end":{"line":258,"column":44}},"114":{"start":{"line":260,"column":8},"end":{"line":262,"column":9}},"115":{"start":{"line":261,"column":12},"end":{"line":261,"column":61}},"116":{"start":{"line":264,"column":23},"end":{"line":264,"column":37}},"117":{"start":{"line":265,"column":31},"end":{"line":265,"column":84}},"118":{"start":{"line":265,"column":50},"end":{"line":265,"column":83}},"119":{"start":{"line":267,"column":8},"end":{"line":269,"column":9}},"120":{"start":{"line":268,"column":12},"end":{"line":268,"column":64}},"121":{"start":{"line":271,"column":8},"end":{"line":271,"column":44}},"122":{"start":{"line":273,"column":8},"end":{"line":273,"column":55}},"123":{"start":{"line":275,"column":8},"end":{"line":275,"column":40}},"124":{"start":{"line":276,"column":8},"end":{"line":276,"column":49}},"125":{"start":{"line":281,"column":0},"end":{"line":295,"column":3}},"126":{"start":{"line":282,"column":4},"end":{"line":294,"column":5}},"127":{"start":{"line":284,"column":8},"end":{"line":286,"column":9}},"128":{"start":{"line":285,"column":12},"end":{"line":285,"column":54}},"129":{"start":{"line":288,"column":8},"end":{"line":288,"column":32}},"130":{"start":{"line":290,"column":8},"end":{"line":290,"column":56}},"131":{"start":{"line":292,"column":8},"end":{"line":292,"column":40}},"132":{"start":{"line":293,"column":8},"end":{"line":293,"column":49}},"133":{"start":{"line":298,"column":0},"end":{"line":330,"column":3}},"134":{"start":{"line":299,"column":4},"end":{"line":329,"column":5}},"135":{"start":{"line":300,"column":23},"end":{"line":300,"column":37}},"136":{"start":{"line":302,"column":8},"end":{"line":310,"column":9}},"137":{"start":{"line":303,"column":12},"end":{"line":309,"column":15}},"138":{"start":{"line":312,"column":30},"end":{"line":312,"column":43}},"139":{"start":{"line":313,"column":29},"end":{"line":313,"column":101}},"140":{"start":{"line":313,"column":56},"end":{"line":313,"column":69}},"141":{"start":{"line":314,"column":25},"end":{"line":314,"column":62}},"142":{"start":{"line":314,"column":53},"end":{"line":314,"column":60}},"143":{"start":{"line":315,"column":25},"end":{"line":315,"column":62}},"144":{"start":{"line":315,"column":53},"end":{"line":315,"column":60}},"145":{"start":{"line":316,"column":26},"end":{"line":316,"column":66}},"146":{"start":{"line":316,"column":45},"end":{"line":316,"column":58}},"147":{"start":{"line":317,"column":25},"end":{"line":317,"column":71}},"148":{"start":{"line":319,"column":8},"end":{"line":325,"column":11}},"149":{"start":{"line":327,"column":8},"end":{"line":327,"column":42}},"150":{"start":{"line":328,"column":8},"end":{"line":328,"column":49}},"151":{"start":{"line":333,"column":0},"end":{"line":333,"column":21}},"152":{"start":{"line":336,"column":0},"end":{"line":342,"column":1}},"153":{"start":{"line":337,"column":4},"end":{"line":341,"column":7}},"154":{"start":{"line":338,"column":8},"end":{"line":338,"column":44}},"155":{"start":{"line":339,"column":8},"end":{"line":339,"column":42}},"156":{"start":{"line":340,"column":8},"end":{"line":340,"column":48}}},"fnMap":{"0":{"name":"authenticateAdmin","decl":{"start":{"line":35,"column":9},"end":{"line":35,"column":26}},"loc":{"start":{"line":35,"column":43},"end":{"line":50,"column":1}},"line":35},"1":{"name":"(anonymous_1)","decl":{"start":{"line":43,"column":34},"end":{"line":43,"column":35}},"loc":{"start":{"line":43,"column":49},"end":{"line":49,"column":5}},"line":43},"2":{"name":"(anonymous_2)","decl":{"start":{"line":53,"column":23},"end":{"line":53,"column":24}},"loc":{"start":{"line":53,"column":37},"end":{"line":79,"column":1}},"line":53},"3":{"name":"safeReadFile","decl":{"start":{"line":82,"column":9},"end":{"line":82,"column":21}},"loc":{"start":{"line":82,"column":24},"end":{"line":97,"column":1}},"line":82},"4":{"name":"safeWriteFile","decl":{"start":{"line":100,"column":9},"end":{"line":100,"column":22}},"loc":{"start":{"line":100,"column":29},"end":{"line":123,"column":1}},"line":100},"5":{"name":"(anonymous_5)","decl":{"start":{"line":101,"column":23},"end":{"line":101,"column":24}},"loc":{"start":{"line":101,"column":44},"end":{"line":122,"column":5}},"line":101},"6":{"name":"(anonymous_6)","decl":{"start":{"line":126,"column":26},"end":{"line":126,"column":27}},"loc":{"start":{"line":126,"column":40},"end":{"line":138,"column":1}},"line":126},"7":{"name":"validateStudentData","decl":{"start":{"line":141,"column":9},"end":{"line":141,"column":28}},"loc":{"start":{"line":141,"column":35},"end":{"line":180,"column":1}},"line":141},"8":{"name":"(anonymous_8)","decl":{"start":{"line":183,"column":24},"end":{"line":183,"column":25}},"loc":{"start":{"line":183,"column":44},"end":{"line":242,"column":1}},"line":183},"9":{"name":"(anonymous_9)","decl":{"start":{"line":200,"column":47},"end":{"line":200,"column":48}},"loc":{"start":{"line":200,"column":52},"end":{"line":200,"column":94}},"line":200},"10":{"name":"(anonymous_10)","decl":{"start":{"line":245,"column":42},"end":{"line":245,"column":43}},"loc":{"start":{"line":245,"column":56},"end":{"line":253,"column":1}},"line":245},"11":{"name":"(anonymous_11)","decl":{"start":{"line":256,"column":60},"end":{"line":256,"column":61}},"loc":{"start":{"line":256,"column":80},"end":{"line":278,"column":1}},"line":256},"12":{"name":"(anonymous_12)","decl":{"start":{"line":265,"column":45},"end":{"line":265,"column":46}},"loc":{"start":{"line":265,"column":50},"end":{"line":265,"column":83}},"line":265},"13":{"name":"(anonymous_13)","decl":{"start":{"line":281,"column":45},"end":{"line":281,"column":46}},"loc":{"start":{"line":281,"column":65},"end":{"line":295,"column":1}},"line":281},"14":{"name":"(anonymous_14)","decl":{"start":{"line":298,"column":41},"end":{"line":298,"column":42}},"loc":{"start":{"line":298,"column":55},"end":{"line":330,"column":1}},"line":298},"15":{"name":"(anonymous_15)","decl":{"start":{"line":313,"column":44},"end":{"line":313,"column":45}},"loc":{"start":{"line":313,"column":56},"end":{"line":313,"column":69}},"line":313},"16":{"name":"(anonymous_16)","decl":{"start":{"line":314,"column":48},"end":{"line":314,"column":49}},"loc":{"start":{"line":314,"column":53},"end":{"line":314,"column":60}},"line":314},"17":{"name":"(anonymous_17)","decl":{"start":{"line":315,"column":48},"end":{"line":315,"column":49}},"loc":{"start":{"line":315,"column":53},"end":{"line":315,"column":60}},"line":315},"18":{"name":"(anonymous_18)","decl":{"start":{"line":316,"column":40},"end":{"line":316,"column":41}},"loc":{"start":{"line":316,"column":45},"end":{"line":316,"column":58}},"line":316},"19":{"name":"(anonymous_19)","decl":{"start":{"line":337,"column":21},"end":{"line":337,"column":22}},"loc":{"start":{"line":337,"column":27},"end":{"line":341,"column":5}},"line":337}},"branchMap":{"0":{"loc":{"start":{"line":8,"column":13},"end":{"line":8,"column":37}},"type":"binary-expr","locations":[{"start":{"line":8,"column":13},"end":{"line":8,"column":29}},{"start":{"line":8,"column":33},"end":{"line":8,"column":37}}],"line":8},"1":{"loc":{"start":{"line":23,"column":23},"end":{"line":23,"column":63}},"type":"binary-expr","locations":[{"start":{"line":23,"column":23},"end":{"line":23,"column":49}},{"start":{"line":23,"column":53},"end":{"line":23,"column":63}}],"line":23},"2":{"loc":{"start":{"line":24,"column":19},"end":{"line":24,"column":69}},"type":"binary-expr","locations":[{"start":{"line":24,"column":19},"end":{"line":24,"column":41}},{"start":{"line":24,"column":45},"end":{"line":24,"column":69}}],"line":24},"3":{"loc":{"start":{"line":30,"column":0},"end":{"line":32,"column":1}},"type":"if","locations":[{"start":{"line":30,"column":0},"end":{"line":32,"column":1}},{"start":{},"end":{}}],"line":30},"4":{"loc":{"start":{"line":37,"column":18},"end":{"line":37,"column":56}},"type":"binary-expr","locations":[{"start":{"line":37,"column":18},"end":{"line":37,"column":28}},{"start":{"line":37,"column":32},"end":{"line":37,"column":56}}],"line":37},"5":{"loc":{"start":{"line":39,"column":4},"end":{"line":41,"column":5}},"type":"if","locations":[{"start":{"line":39,"column":4},"end":{"line":41,"column":5}},{"start":{},"end":{}}],"line":39},"6":{"loc":{"start":{"line":44,"column":8},"end":{"line":46,"column":9}},"type":"if","locations":[{"start":{"line":44,"column":8},"end":{"line":46,"column":9}},{"start":{},"end":{}}],"line":44},"7":{"loc":{"start":{"line":56,"column":4},"end":{"line":58,"column":5}},"type":"if","locations":[{"start":{"line":56,"column":4},"end":{"line":58,"column":5}},{"start":{},"end":{}}],"line":56},"8":{"loc":{"start":{"line":60,"column":4},"end":{"line":62,"column":5}},"type":"if","locations":[{"start":{"line":60,"column":4},"end":{"line":62,"column":5}},{"start":{},"end":{}}],"line":60},"9":{"loc":{"start":{"line":84,"column":8},"end":{"line":86,"column":9}},"type":"if","locations":[{"start":{"line":84,"column":8},"end":{"line":86,"column":9}},{"start":{},"end":{}}],"line":84},"10":{"loc":{"start":{"line":91,"column":8},"end":{"line":94,"column":9}},"type":"if","locations":[{"start":{"line":91,"column":8},"end":{"line":94,"column":9}},{"start":{},"end":{}}],"line":91},"11":{"loc":{"start":{"line":102,"column":8},"end":{"line":104,"column":9}},"type":"if","locations":[{"start":{"line":102,"column":8},"end":{"line":104,"column":9}},{"start":{},"end":{}}],"line":102},"12":{"loc":{"start":{"line":109,"column":12},"end":{"line":111,"column":13}},"type":"if","locations":[{"start":{"line":109,"column":12},"end":{"line":111,"column":13}},{"start":{},"end":{}}],"line":109},"13":{"loc":{"start":{"line":128,"column":8},"end":{"line":130,"column":9}},"type":"if","locations":[{"start":{"line":128,"column":8},"end":{"line":130,"column":9}},{"start":{},"end":{}}],"line":128},"14":{"loc":{"start":{"line":144,"column":4},"end":{"line":146,"column":5}},"type":"if","locations":[{"start":{"line":144,"column":4},"end":{"line":146,"column":5}},{"start":{},"end":{}}],"line":144},"15":{"loc":{"start":{"line":144,"column":8},"end":{"line":144,"column":84}},"type":"binary-expr","locations":[{"start":{"line":144,"column":8},"end":{"line":144,"column":18}},{"start":{"line":144,"column":22},"end":{"line":144,"column":51}},{"start":{"line":144,"column":55},"end":{"line":144,"column":84}}],"line":144},"16":{"loc":{"start":{"line":148,"column":4},"end":{"line":150,"column":5}},"type":"if","locations":[{"start":{"line":148,"column":4},"end":{"line":150,"column":5}},{"start":{},"end":{}}],"line":148},"17":{"loc":{"start":{"line":148,"column":8},"end":{"line":148,"column":99}},"type":"binary-expr","locations":[{"start":{"line":148,"column":8},"end":{"line":148,"column":23}},{"start":{"line":148,"column":27},"end":{"line":148,"column":61}},{"start":{"line":148,"column":65},"end":{"line":148,"column":99}}],"line":148},"18":{"loc":{"start":{"line":152,"column":4},"end":{"line":154,"column":5}},"type":"if","locations":[{"start":{"line":152,"column":4},"end":{"line":154,"column":5}},{"start":{},"end":{}}],"line":152},"19":{"loc":{"start":{"line":152,"column":8},"end":{"line":152,"column":111}},"type":"binary-expr","locations":[{"start":{"line":152,"column":8},"end":{"line":152,"column":27}},{"start":{"line":152,"column":31},"end":{"line":152,"column":69}},{"start":{"line":152,"column":73},"end":{"line":152,"column":111}}],"line":152},"20":{"loc":{"start":{"line":157,"column":4},"end":{"line":159,"column":5}},"type":"if","locations":[{"start":{"line":157,"column":4},"end":{"line":159,"column":5}},{"start":{},"end":{}}],"line":157},"21":{"loc":{"start":{"line":157,"column":8},"end":{"line":157,"column":72}},"type":"binary-expr","locations":[{"start":{"line":157,"column":8},"end":{"line":157,"column":26}},{"start":{"line":157,"column":30},"end":{"line":157,"column":72}}],"line":157},"22":{"loc":{"start":{"line":162,"column":4},"end":{"line":164,"column":5}},"type":"if","locations":[{"start":{"line":162,"column":4},"end":{"line":164,"column":5}},{"start":{},"end":{}}],"line":162},"23":{"loc":{"start":{"line":162,"column":8},"end":{"line":162,"column":76}},"type":"binary-expr","locations":[{"start":{"line":162,"column":8},"end":{"line":162,"column":38}},{"start":{"line":162,"column":42},"end":{"line":162,"column":56}},{"start":{"line":162,"column":60},"end":{"line":162,"column":76}}],"line":162},"24":{"loc":{"start":{"line":167,"column":4},"end":{"line":169,"column":5}},"type":"if","locations":[{"start":{"line":167,"column":4},"end":{"line":169,"column":5}},{"start":{},"end":{}}],"line":167},"25":{"loc":{"start":{"line":167,"column":8},"end":{"line":167,"column":70}},"type":"binary-expr","locations":[{"start":{"line":167,"column":8},"end":{"line":167,"column":45}},{"start":{"line":167,"column":49},"end":{"line":167,"column":70}}],"line":167},"26":{"loc":{"start":{"line":171,"column":4},"end":{"line":173,"column":5}},"type":"if","locations":[{"start":{"line":171,"column":4},"end":{"line":173,"column":5}},{"start":{},"end":{}}],"line":171},"27":{"loc":{"start":{"line":171,"column":8},"end":{"line":171,"column":66}},"type":"binary-expr","locations":[{"start":{"line":171,"column":8},"end":{"line":171,"column":43}},{"start":{"line":171,"column":47},"end":{"line":171,"column":66}}],"line":171},"28":{"loc":{"start":{"line":175,"column":4},"end":{"line":177,"column":5}},"type":"if","locations":[{"start":{"line":175,"column":4},"end":{"line":177,"column":5}},{"start":{},"end":{}}],"line":175},"29":{"loc":{"start":{"line":175,"column":8},"end":{"line":175,"column":76}},"type":"binary-expr","locations":[{"start":{"line":175,"column":8},"end":{"line":175,"column":48}},{"start":{"line":175,"column":52},"end":{"line":175,"column":76}}],"line":175},"30":{"loc":{"start":{"line":188,"column":35},"end":{"line":188,"column":64}},"type":"binary-expr","locations":[{"start":{"line":188,"column":35},"end":{"line":188,"column":59}},{"start":{"line":188,"column":63},"end":{"line":188,"column":64}}],"line":188},"31":{"loc":{"start":{"line":192,"column":8},"end":{"line":194,"column":9}},"type":"if","locations":[{"start":{"line":192,"column":8},"end":{"line":194,"column":9}},{"start":{},"end":{}}],"line":192},"32":{"loc":{"start":{"line":203,"column":8},"end":{"line":227,"column":9}},"type":"if","locations":[{"start":{"line":203,"column":8},"end":{"line":227,"column":9}},{"start":{"line":220,"column":15},"end":{"line":227,"column":9}}],"line":203},"33":{"loc":{"start":{"line":205,"column":12},"end":{"line":207,"column":13}},"type":"if","locations":[{"start":{"line":205,"column":12},"end":{"line":207,"column":13}},{"start":{},"end":{}}],"line":205},"34":{"loc":{"start":{"line":209,"column":12},"end":{"line":211,"column":13}},"type":"if","locations":[{"start":{"line":209,"column":12},"end":{"line":211,"column":13}},{"start":{},"end":{}}],"line":209},"35":{"loc":{"start":{"line":236,"column":25},"end":{"line":236,"column":85}},"type":"cond-expr","locations":[{"start":{"line":236,"column":48},"end":{"line":236,"column":81}},{"start":{"line":236,"column":84},"end":{"line":236,"column":85}}],"line":236},"36":{"loc":{"start":{"line":260,"column":8},"end":{"line":262,"column":9}},"type":"if","locations":[{"start":{"line":260,"column":8},"end":{"line":262,"column":9}},{"start":{},"end":{}}],"line":260},"37":{"loc":{"start":{"line":267,"column":8},"end":{"line":269,"column":9}},"type":"if","locations":[{"start":{"line":267,"column":8},"end":{"line":269,"column":9}},{"start":{},"end":{}}],"line":267},"38":{"loc":{"start":{"line":284,"column":8},"end":{"line":286,"column":9}},"type":"if","locations":[{"start":{"line":284,"column":8},"end":{"line":286,"column":9}},{"start":{},"end":{}}],"line":284},"39":{"loc":{"start":{"line":302,"column":8},"end":{"line":310,"column":9}},"type":"if","locations":[{"start":{"line":302,"column":8},"end":{"line":310,"column":9}},{"start":{},"end":{}}],"line":302},"40":{"loc":{"start":{"line":336,"column":0},"end":{"line":342,"column":1}},"type":"if","locations":[{"start":{"line":336,"column":0},"end":{"line":342,"column":1}},{"start":{},"end":{}}],"line":336}},"s":{"0":1,"1":1,"2":1,"3":1,"4":1,"5":1,"6":1,"7":1,"8":1,"9":1,"10":1,"11":1,"12":1,"13":1,"14":1,"15":1,"16":1,"17":0,"18":9,"19":9,"20":9,"21":5,"22":4,"23":4,"24":2,"25":2,"26":2,"27":1,"28":3,"29":3,"30":1,"31":2,"32":1,"33":1,"34":1,"35":3,"36":3,"37":3,"38":0,"39":0,"40":0,"41":0,"42":0,"43":0,"44":0,"45":0,"46":0,"47":0,"48":0,"49":0,"50":0,"51":0,"52":0,"53":0,"54":0,"55":0,"56":0,"57":1,"58":0,"59":0,"60":0,"61":0,"62":0,"63":0,"64":0,"65":2,"66":2,"67":1,"68":2,"69":0,"70":2,"71":0,"72":2,"73":0,"74":2,"75":0,"76":2,"77":0,"78":2,"79":0,"80":2,"81":0,"82":2,"83":1,"84":2,"85":2,"86":2,"87":2,"88":2,"89":1,"90":1,"91":1,"92":2,"93":1,"94":1,"95":1,"96":0,"97":1,"98":1,"99":0,"100":0,"101":0,"102":0,"103":0,"104":0,"105":1,"106":1,"107":1,"108":1,"109":0,"110":0,"111":1,"112":0,"113":0,"114":0,"115":0,"116":0,"117":0,"118":0,"119":0,"120":0,"121":0,"122":0,"123":0,"124":0,"125":1,"126":0,"127":0,"128":0,"129":0,"130":0,"131":0,"132":0,"133":1,"134":1,"135":1,"136":1,"137":0,"138":1,"139":1,"140":2,"141":1,"142":2,"143":1,"144":2,"145":1,"146":2,"147":1,"148":1,"149":0,"150":0,"151":1,"152":1,"153":0,"154":0,"155":0,"156":0},"f":{"0":9,"1":4,"2":3,"3":3,"4":0,"5":0,"6":0,"7":2,"8":2,"9":2,"10":1,"11":0,"12":0,"13":0,"14":1,"15":2,"16":2,"17":2,"18":2,"19":0},"b":{"0":[1,1],"1":[1,1],"2":[1,1],"3":[0,1],"4":[9,5],"5":[5,4],"6":[2,2],"7":[1,2],"8":[1,1],"9":[3,0],"10":[0,0],"11":[0,0],"12":[0,0],"13":[0,0],"14":[1,1],"15":[2,1,1],"16":[0,2],"17":[2,2,2],"18":[0,2],"19":[2,2,2],"20":[0,2],"21":[2,2],"22":[0,2],"23":[2,2,2],"24":[0,2],"25":[2,2],"26":[0,2],"27":[2,2],"28":[0,2],"29":[2,2],"30":[2,2],"31":[1,1],"32":[1,0],"33":[0,1],"34":[1,0],"35":[0,0],"36":[0,0],"37":[0,0],"38":[0,0],"39":[0,1],"40":[0,1]},"_coverageSchema":"1a1c01bbd47fc00a2c39e90264f33305004495a9","hash":"372ec9636e472a6db09ba85081f50d1f384770cd"}
}
