TN:
SF:server.js
FN:35,authenticateAdmin
FN:43,(anonymous_1)
FN:53,(anonymous_2)
FN:82,safeReadFile
FN:100,safeWriteFile
FN:101,(anonymous_5)
FN:126,(anonymous_6)
FN:141,validateStudentData
FN:183,(anonymous_8)
FN:200,(anonymous_9)
FN:245,(anonymous_10)
FN:256,(anonymous_11)
FN:265,(anonymous_12)
FN:281,(anonymous_13)
FN:298,(anonymous_14)
FN:313,(anonymous_15)
FN:314,(anonymous_16)
FN:315,(anonymous_17)
FN:316,(anonymous_18)
FN:337,(anonymous_19)
FNF:20
FNH:13
FNDA:9,authenticateAdmin
FNDA:4,(anonymous_1)
FNDA:3,(anonymous_2)
FNDA:3,safeReadFile
FNDA:0,safeWriteFile
FNDA:0,(anonymous_5)
FNDA:0,(anonymous_6)
FNDA:2,validateStudentData
FNDA:2,(anonymous_8)
FNDA:2,(anonymous_9)
FNDA:1,(anonymous_10)
FNDA:0,(anonymous_11)
FNDA:0,(anonymous_12)
FNDA:0,(anonymous_13)
FNDA:1,(anonymous_14)
FNDA:2,(anonymous_15)
FNDA:2,(anonymous_16)
FNDA:2,(anonymous_17)
FNDA:2,(anonymous_18)
FNDA:0,(anonymous_19)
DA:1,1
DA:2,1
DA:3,1
DA:4,1
DA:5,1
DA:7,1
DA:8,1
DA:11,1
DA:12,1
DA:13,1
DA:16,1
DA:19,1
DA:20,1
DA:23,1
DA:24,1
DA:27,1
DA:30,1
DA:31,0
DA:36,9
DA:37,9
DA:39,9
DA:40,5
DA:43,4
DA:44,4
DA:45,2
DA:47,2
DA:48,2
DA:53,1
DA:54,3
DA:56,3
DA:57,1
DA:60,2
DA:61,1
DA:65,1
DA:74,1
DA:83,3
DA:84,3
DA:85,3
DA:87,0
DA:89,0
DA:91,0
DA:92,0
DA:93,0
DA:95,0
DA:101,0
DA:102,0
DA:103,0
DA:106,0
DA:107,0
DA:109,0
DA:110,0
DA:114,0
DA:115,0
DA:116,0
DA:118,0
DA:119,0
DA:120,0
DA:126,1
DA:127,0
DA:128,0
DA:129,0
DA:132,0
DA:133,0
DA:135,0
DA:136,0
DA:142,2
DA:144,2
DA:145,1
DA:148,2
DA:149,0
DA:152,2
DA:153,0
DA:157,2
DA:158,0
DA:162,2
DA:163,0
DA:167,2
DA:168,0
DA:171,2
DA:172,0
DA:175,2
DA:176,0
DA:179,2
DA:183,1
DA:184,2
DA:185,2
DA:188,2
DA:191,2
DA:192,2
DA:193,1
DA:197,1
DA:200,2
DA:203,1
DA:204,1
DA:205,1
DA:206,0
DA:209,1
DA:210,1
DA:214,0
DA:222,0
DA:230,0
DA:232,0
DA:239,0
DA:240,0
DA:245,1
DA:246,1
DA:247,1
DA:248,1
DA:250,0
DA:251,0
DA:256,1
DA:257,0
DA:258,0
DA:260,0
DA:261,0
DA:264,0
DA:265,0
DA:267,0
DA:268,0
DA:271,0
DA:273,0
DA:275,0
DA:276,0
DA:281,1
DA:282,0
DA:284,0
DA:285,0
DA:288,0
DA:290,0
DA:292,0
DA:293,0
DA:298,1
DA:299,1
DA:300,1
DA:302,1
DA:303,0
DA:312,1
DA:313,2
DA:314,2
DA:315,2
DA:316,2
DA:317,1
DA:319,1
DA:327,0
DA:328,0
DA:333,1
DA:336,1
DA:337,0
DA:338,0
DA:339,0
DA:340,0
LF:151
LH:82
BRDA:8,0,0,1
BRDA:8,0,1,1
BRDA:23,1,0,1
BRDA:23,1,1,1
BRDA:24,2,0,1
BRDA:24,2,1,1
BRDA:30,3,0,0
BRDA:30,3,1,1
BRDA:37,4,0,9
BRDA:37,4,1,5
BRDA:39,5,0,5
BRDA:39,5,1,4
BRDA:44,6,0,2
BRDA:44,6,1,2
BRDA:56,7,0,1
BRDA:56,7,1,2
BRDA:60,8,0,1
BRDA:60,8,1,1
BRDA:84,9,0,3
BRDA:84,9,1,0
BRDA:91,10,0,0
BRDA:91,10,1,0
BRDA:102,11,0,0
BRDA:102,11,1,0
BRDA:109,12,0,0
BRDA:109,12,1,0
BRDA:128,13,0,0
BRDA:128,13,1,0
BRDA:144,14,0,1
BRDA:144,14,1,1
BRDA:144,15,0,2
BRDA:144,15,1,1
BRDA:144,15,2,1
BRDA:148,16,0,0
BRDA:148,16,1,2
BRDA:148,17,0,2
BRDA:148,17,1,2
BRDA:148,17,2,2
BRDA:152,18,0,0
BRDA:152,18,1,2
BRDA:152,19,0,2
BRDA:152,19,1,2
BRDA:152,19,2,2
BRDA:157,20,0,0
BRDA:157,20,1,2
BRDA:157,21,0,2
BRDA:157,21,1,2
BRDA:162,22,0,0
BRDA:162,22,1,2
BRDA:162,23,0,2
BRDA:162,23,1,2
BRDA:162,23,2,2
BRDA:167,24,0,0
BRDA:167,24,1,2
BRDA:167,25,0,2
BRDA:167,25,1,2
BRDA:171,26,0,0
BRDA:171,26,1,2
BRDA:171,27,0,2
BRDA:171,27,1,2
BRDA:175,28,0,0
BRDA:175,28,1,2
BRDA:175,29,0,2
BRDA:175,29,1,2
BRDA:188,30,0,2
BRDA:188,30,1,2
BRDA:192,31,0,1
BRDA:192,31,1,1
BRDA:203,32,0,1
BRDA:203,32,1,0
BRDA:205,33,0,0
BRDA:205,33,1,1
BRDA:209,34,0,1
BRDA:209,34,1,0
BRDA:236,35,0,0
BRDA:236,35,1,0
BRDA:260,36,0,0
BRDA:260,36,1,0
BRDA:267,37,0,0
BRDA:267,37,1,0
BRDA:284,38,0,0
BRDA:284,38,1,0
BRDA:302,39,0,0
BRDA:302,39,1,1
BRDA:336,40,0,0
BRDA:336,40,1,1
BRF:86
BRH:56
end_of_record
